Wolf3D/app/build/intermediates/manifest_merge_blame_file/debug/manifest-merger-blame-debug-report.txt
1<?xml version="1.0" encoding="utf-8"?>
2<manifest xmlns:android="http://schemas.android.com/apk/res/android"
3    package="com.peterpan.wolfs3d" >
4
5    <uses-sdk
6        android:minSdkVersion="4"
6-->src/main/AndroidManifest.xml
7        android:targetSdkVersion="30" />
7-->src/main/AndroidManifest.xml
8
9    <application
9-->src/main/AndroidManifest.xml:5:5-14:19
10        android:allowBackup="true"
10-->src/main/AndroidManifest.xml:5:18-44
11        android:debuggable="true"
12        android:icon="@drawable/icon"
12-->src/main/AndroidManifest.xml:5:45-74
13        android:label="@string/app_name"
13-->src/main/AndroidManifest.xml:5:75-107
14        android:testOnly="true" >
15        <activity
15-->src/main/AndroidManifest.xml:6:9-13:20
16            android:name="com.peterpan.wolfs3d.WolfLauncher"
16-->src/main/AndroidManifest.xml:6:19-67
17            android:label="@string/app_name" >
17-->src/main/AndroidManifest.xml:7:19-51
18            <intent-filter>
18-->src/main/AndroidManifest.xml:9:13-12:29
19                <action android:name="android.intent.action.MAIN" />
19-->src/main/AndroidManifest.xml:10:17-69
19-->src/main/AndroidManifest.xml:10:25-66
20
21                <category android:name="android.intent.category.LAUNCHER" />
21-->src/main/AndroidManifest.xml:11:17-77
21-->src/main/AndroidManifest.xml:11:27-74
22            </intent-filter>
23        </activity>
24    </application>
25
26</manifest>